<?xml version="1.0" encoding="UTF-8"?>
<coverage generated="1784717765115" clover="3.2.0">
  <project timestamp="1784717765115" name="All files">
    <metrics statements="98" coveredstatements="71" conditionals="33" coveredconditionals="24" methods="62" coveredmethods="44" elements="193" coveredelements="139" complexity="0" loc="98" ncloc="98" packages="5" files="10" classes="10"/>
    <package name="components">
      <metrics statements="12" coveredstatements="2" conditionals="5" coveredconditionals="1" methods="4" coveredmethods="1"/>
      <file name="ExportButton.jsx" path="C:\Users\darsh\job-tracker-saas\job-tracker-frontend\src\components\ExportButton.jsx">
        <metrics statements="12" coveredstatements="2" conditionals="5" coveredconditionals="1" methods="4" coveredmethods="1"/>
        <line num="9" count="3" type="stmt"/>
        <line num="11" count="0" type="cond" truecount="0" falsecount="2"/>
        <line num="13" count="0" type="stmt"/>
        <line num="15" count="0" type="stmt"/>
        <line num="19" count="0" type="stmt"/>
        <line num="31" count="0" type="stmt"/>
        <line num="33" count="0" type="stmt"/>
        <line num="47" count="0" type="stmt"/>
        <line num="59" count="0" type="stmt"/>
        <line num="65" count="0" type="stmt"/>
        <line num="81" count="0" type="stmt"/>
        <line num="91" count="3" type="stmt"/>
      </file>
    </package>
    <package name="components.ApplicationTable">
      <metrics statements="15" coveredstatements="12" conditionals="7" coveredconditionals="7" methods="11" coveredmethods="8"/>
      <file name="ApplicationTable.jsx" path="C:\Users\darsh\job-tracker-saas\job-tracker-frontend\src\components\ApplicationTable\ApplicationTable.jsx">
        <metrics statements="15" coveredstatements="12" conditionals="7" coveredconditionals="7" methods="11" coveredmethods="8"/>
        <line num="49" count="3" type="stmt"/>
        <line num="57" count="3" type="stmt"/>
        <line num="59" count="3" type="stmt"/>
        <line num="61" count="3" type="stmt"/>
        <line num="95" count="4" type="cond" truecount="2" falsecount="0"/>
        <line num="105" count="3" type="stmt"/>
        <line num="143" count="3" type="stmt"/>
        <line num="161" count="4" type="stmt"/>
        <line num="179" count="0" type="stmt"/>
        <line num="203" count="3" type="stmt"/>
        <line num="211" count="12" type="stmt"/>
        <line num="301" count="4" type="stmt"/>
        <line num="309" count="16" type="stmt"/>
        <line num="351" count="0" type="stmt"/>
        <line num="393" count="0" type="stmt"/>
      </file>
    </package>
    <package name="components.ui">
      <metrics statements="28" coveredstatements="18" conditionals="9" coveredconditionals="9" methods="26" coveredmethods="16"/>
      <file name="button.jsx" path="C:\Users\darsh\job-tracker-saas\job-tracker-frontend\src\components\ui\button.jsx">
        <metrics statements="2" coveredstatements="2" conditionals="2" coveredconditionals="2" methods="1" coveredmethods="1"/>
        <line num="6" count="1" type="stmt"/>
        <line num="49" count="56" type="stmt"/>
      </file>
      <file name="card.jsx" path="C:\Users\darsh\job-tracker-saas\job-tracker-frontend\src\components\ui\card.jsx">
        <metrics statements="7" coveredstatements="5" conditionals="1" coveredconditionals="1" methods="7" coveredmethods="5"/>
        <line num="10" count="80" type="stmt"/>
        <line num="26" count="80" type="stmt"/>
        <line num="41" count="80" type="stmt"/>
        <line num="56" count="56" type="stmt"/>
        <line num="68" count="0" type="stmt"/>
        <line num="83" count="80" type="stmt"/>
        <line num="95" count="0" type="stmt"/>
      </file>
      <file name="input.jsx" path="C:\Users\darsh\job-tracker-saas\job-tracker-frontend\src\components\ui\input.jsx">
        <metrics statements="1" coveredstatements="1" conditionals="0" coveredconditionals="0" methods="1" coveredmethods="1"/>
        <line num="11" count="112" type="stmt"/>
      </file>
      <file name="select.jsx" path="C:\Users\darsh\job-tracker-saas\job-tracker-frontend\src\components\ui\select.jsx">
        <metrics statements="10" coveredstatements="4" conditionals="6" coveredconditionals="6" methods="9" coveredmethods="3"/>
        <line num="7" count="1" type="stmt"/>
        <line num="13" count="0" type="stmt"/>
        <line num="25" count="3" type="stmt"/>
        <line num="39" count="3" type="stmt"/>
        <line num="67" count="3" type="stmt"/>
        <line num="97" count="0" type="stmt"/>
        <line num="110" count="0" type="stmt"/>
        <line num="136" count="0" type="stmt"/>
        <line num="148" count="0" type="stmt"/>
        <line num="165" count="0" type="stmt"/>
      </file>
      <file name="table.jsx" path="C:\Users\darsh\job-tracker-saas\job-tracker-frontend\src\components\ui\table.jsx">
        <metrics statements="8" coveredstatements="6" conditionals="0" coveredconditionals="0" methods="8" coveredmethods="6"/>
        <line num="9" count="3" type="stmt"/>
        <line num="23" count="3" type="stmt"/>
        <line num="35" count="3" type="stmt"/>
        <line num="47" count="0" type="stmt"/>
        <line num="59" count="8" type="stmt"/>
        <line num="74" count="12" type="stmt"/>
        <line num="89" count="17" type="stmt"/>
        <line num="104" count="0" type="stmt"/>
      </file>
    </package>
    <package name="lib">
      <metrics statements="1" coveredstatements="1" conditionals="0" coveredconditionals="0" methods="1" coveredmethods="1"/>
      <file name="utils.js" path="C:\Users\darsh\job-tracker-saas\job-tracker-frontend\src\lib\utils.js">
        <metrics statements="1" coveredstatements="1" conditionals="0" coveredconditionals="0" methods="1" coveredmethods="1"/>
        <line num="5" count="599" type="stmt"/>
      </file>
    </package>
    <package name="pages">
      <metrics statements="42" coveredstatements="38" conditionals="12" coveredconditionals="7" methods="20" coveredmethods="18"/>
      <file name="Dashboard.jsx" path="C:\Users\darsh\job-tracker-saas\job-tracker-frontend\src\pages\Dashboard.jsx">
        <metrics statements="29" coveredstatements="25" conditionals="8" coveredconditionals="4" methods="16" coveredmethods="14"/>
        <line num="35" count="3" type="stmt"/>
        <line num="36" count="3" type="stmt"/>
        <line num="39" count="3" type="stmt"/>
        <line num="40" count="3" type="stmt"/>
        <line num="43" count="3" type="stmt"/>
        <line num="44" count="3" type="stmt"/>
        <line num="47" count="3" type="stmt"/>
        <line num="48" count="3" type="stmt"/>
        <line num="51" count="3" type="stmt"/>
        <line num="52" count="3" type="stmt"/>
        <line num="55" count="3" type="stmt"/>
        <line num="56" count="3" type="stmt"/>
        <line num="59" count="3" type="stmt"/>
        <line num="61" count="3" type="stmt"/>
        <line num="65" count="3" type="stmt"/>
        <line num="67" count="0" type="stmt"/>
        <line num="73" count="3" type="stmt"/>
        <line num="76" count="3" type="cond" truecount="1" falsecount="1"/>
        <line num="79" count="0" type="stmt"/>
        <line num="95" count="3" type="stmt"/>
        <line num="100" count="6" type="stmt"/>
        <line num="104" count="6" type="stmt"/>
        <line num="108" count="6" type="stmt"/>
        <line num="112" count="6" type="stmt"/>
        <line num="117" count="3" type="cond" truecount="1" falsecount="1"/>
        <line num="119" count="0" type="stmt"/>
        <line num="131" count="3" type="cond" truecount="1" falsecount="1"/>
        <line num="133" count="0" type="stmt"/>
        <line num="149" count="3" type="stmt"/>
      </file>
      <file name="Login.jsx" path="C:\Users\darsh\job-tracker-saas\job-tracker-frontend\src\pages\Login.jsx">
        <metrics statements="13" coveredstatements="13" conditionals="4" coveredconditionals="3" methods="4" coveredmethods="4"/>
        <line num="25" count="58" type="stmt"/>
        <line num="33" count="58" type="stmt"/>
        <line num="41" count="58" type="stmt"/>
        <line num="49" count="58" type="stmt"/>
        <line num="51" count="58" type="stmt"/>
        <line num="53" count="2" type="stmt"/>
        <line num="55" count="2" type="stmt"/>
        <line num="57" count="2" type="stmt"/>
        <line num="59" count="2" type="stmt"/>
        <line num="71" count="1" type="stmt"/>
        <line num="83" count="58" type="stmt"/>
        <line num="133" count="28" type="stmt"/>
        <line num="165" count="24" type="stmt"/>
      </file>
    </package>
  </project>
</coverage>
