{"C:\\Users\\darsh\\job-tracker-saas\\job-tracker-frontend\\src\\components\\ExportButton.jsx": {"path":"C:\\Users\\darsh\\job-tracker-saas\\job-tracker-frontend\\src\\components\\ExportButton.jsx","statementMap":{"0":{"start":{"line":9,"column":10},"end":{"line":89,"column":null}},"1":{"start":{"line":11,"column":8},"end":{"line":17,"column":null}},"2":{"start":{"line":13,"column":12},"end":{"line":13,"column":null}},"3":{"start":{"line":15,"column":12},"end":{"line":15,"column":null}},"4":{"start":{"line":19,"column":24},"end":{"line":29,"column":null}},"5":{"start":{"line":31,"column":21},"end":{"line":45,"column":null}},"6":{"start":{"line":33,"column":19},"end":{"line":43,"column":null}},"7":{"start":{"line":47,"column":20},"end":{"line":63,"column":null}},"8":{"start":{"line":59,"column":20},"end":{"line":59,"column":null}},"9":{"start":{"line":65,"column":21},"end":{"line":79,"column":null}},"10":{"start":{"line":81,"column":8},"end":{"line":87,"column":null}},"11":{"start":{"line":91,"column":4},"end":{"line":103,"column":null}}},"fnMap":{"0":{"name":"ExportButton","decl":{"start":{"line":3,"column":24},"end":{"line":3,"column":37}},"loc":{"start":{"line":7,"column":3},"end":{"line":107,"column":null}},"line":7},"1":{"name":"(anonymous_1)","decl":{"start":{"line":9,"column":10},"end":{"line":9,"column":28}},"loc":{"start":{"line":9,"column":28},"end":{"line":89,"column":null}},"line":9},"2":{"name":"(anonymous_2)","decl":{"start":{"line":31,"column":26},"end":{"line":31,"column":null}},"loc":{"start":{"line":33,"column":19},"end":{"line":43,"column":null}},"line":33},"3":{"name":"(anonymous_3)","decl":{"start":{"line":55,"column":13},"end":{"line":55,"column":null}},"loc":{"start":{"line":59,"column":20},"end":{"line":59,"column":null}},"line":59}},"branchMap":{"0":{"loc":{"start":{"line":5,"column":4},"end":{"line":5,"column":null}},"type":"default-arg","locations":[{"start":{"line":5,"column":11},"end":{"line":5,"column":null}}],"line":5},"1":{"loc":{"start":{"line":11,"column":8},"end":{"line":17,"column":null}},"type":"if","locations":[{"start":{"line":11,"column":8},"end":{"line":17,"column":null}},{"start":{},"end":{}}],"line":11},"2":{"loc":{"start":{"line":41,"column":16},"end":{"line":41,"column":null}},"type":"binary-expr","locations":[{"start":{"line":41,"column":16},"end":{"line":41,"column":29}},{"start":{"line":41,"column":29},"end":{"line":41,"column":null}}],"line":41}},"s":{"0":3,"1":0,"2":0,"3":0,"4":0,"5":0,"6":0,"7":0,"8":0,"9":0,"10":0,"11":3},"f":{"0":3,"1":0,"2":0,"3":0},"b":{"0":[3],"1":[0,0],"2":[0,0]},"meta":{"lastBranch":3,"lastFunction":4,"lastStatement":12,"seen":{"f:3:24:3:37":0,"b:5:11:5:Infinity":0,"s:9:10:89:Infinity":0,"f:9:10:9:28":1,"b:11:8:17:Infinity:undefined:undefined:undefined:undefined":1,"s:11:8:17:Infinity":1,"s:13:12:13:Infinity":2,"s:15:12:15:Infinity":3,"s:19:24:29:Infinity":4,"s:31:21:45:Infinity":5,"f:31:26:31:Infinity":2,"s:33:19:43:Infinity":6,"b:41:16:41:29:41:29:41:Infinity":2,"s:47:20:63:Infinity":7,"f:55:13:55:Infinity":3,"s:59:20:59:Infinity":8,"s:65:21:79:Infinity":9,"s:81:8:87:Infinity":10,"s:91:4:103:Infinity":11},"fnNames":{}}}
,"C:\\Users\\darsh\\job-tracker-saas\\job-tracker-frontend\\src\\components\\ApplicationTable\\ApplicationTable.jsx": {"path":"C:\\Users\\darsh\\job-tracker-saas\\job-tracker-frontend\\src\\components\\ApplicationTable\\ApplicationTable.jsx","statementMap":{"0":{"start":{"line":49,"column":8},"end":{"line":49,"column":null}},"1":{"start":{"line":57,"column":8},"end":{"line":57,"column":null}},"2":{"start":{"line":59,"column":20},"end":{"line":103,"column":null}},"3":{"start":{"line":61,"column":14},"end":{"line":99,"column":null}},"4":{"start":{"line":95,"column":20},"end":{"line":95,"column":null}},"5":{"start":{"line":105,"column":18},"end":{"line":141,"column":null}},"6":{"start":{"line":143,"column":4},"end":{"line":413,"column":null}},"7":{"start":{"line":161,"column":39},"end":{"line":161,"column":null}},"8":{"start":{"line":179,"column":24},"end":{"line":183,"column":null}},"9":{"start":{"line":203,"column":32},"end":{"line":257,"column":null}},"10":{"start":{"line":211,"column":48},"end":{"line":249,"column":null}},"11":{"start":{"line":301,"column":36},"end":{"line":331,"column":null}},"12":{"start":{"line":309,"column":52},"end":{"line":323,"column":null}},"13":{"start":{"line":351,"column":24},"end":{"line":351,"column":null}},"14":{"start":{"line":393,"column":24},"end":{"line":393,"column":null}}},"fnMap":{"0":{"name":"ApplicationTable","decl":{"start":{"line":37,"column":9},"end":{"line":37,"column":26}},"loc":{"start":{"line":41,"column":3},"end":{"line":417,"column":null}},"line":41},"1":{"name":"(anonymous_1)","decl":{"start":{"line":59,"column":20},"end":{"line":59,"column":null}},"loc":{"start":{"line":61,"column":14},"end":{"line":99,"column":null}},"line":61},"2":{"name":"(anonymous_2)","decl":{"start":{"line":93,"column":16},"end":{"line":93,"column":23}},"loc":{"start":{"line":95,"column":20},"end":{"line":95,"column":null}},"line":95},"3":{"name":"(anonymous_3)","decl":{"start":{"line":159,"column":29},"end":{"line":159,"column":null}},"loc":{"start":{"line":161,"column":39},"end":{"line":161,"column":null}},"line":161},"4":{"name":"(anonymous_4)","decl":{"start":{"line":177,"column":20},"end":{"line":177,"column":31}},"loc":{"start":{"line":179,"column":24},"end":{"line":183,"column":null}},"line":179},"5":{"name":"(anonymous_5)","decl":{"start":{"line":199,"column":48},"end":{"line":199,"column":null}},"loc":{"start":{"line":203,"column":32},"end":{"line":257,"column":null}},"line":203},"6":{"name":"(anonymous_6)","decl":{"start":{"line":207,"column":60},"end":{"line":207,"column":null}},"loc":{"start":{"line":211,"column":48},"end":{"line":249,"column":null}},"line":211},"7":{"name":"(anonymous_7)","decl":{"start":{"line":297,"column":53},"end":{"line":297,"column":null}},"loc":{"start":{"line":301,"column":36},"end":{"line":331,"column":null}},"line":301},"8":{"name":"(anonymous_8)","decl":{"start":{"line":305,"column":66},"end":{"line":305,"column":null}},"loc":{"start":{"line":309,"column":52},"end":{"line":323,"column":null}},"line":309},"9":{"name":"(anonymous_9)","decl":{"start":{"line":349,"column":20},"end":{"line":349,"column":null}},"loc":{"start":{"line":351,"column":24},"end":{"line":351,"column":null}},"line":351},"10":{"name":"(anonymous_10)","decl":{"start":{"line":391,"column":20},"end":{"line":391,"column":null}},"loc":{"start":{"line":393,"column":24},"end":{"line":393,"column":null}},"line":393}},"branchMap":{"0":{"loc":{"start":{"line":39,"column":4},"end":{"line":39,"column":null}},"type":"default-arg","locations":[{"start":{"line":39,"column":11},"end":{"line":39,"column":null}}],"line":39},"1":{"loc":{"start":{"line":95,"column":20},"end":{"line":95,"column":null}},"type":"binary-expr","locations":[{"start":{"line":95,"column":20},"end":{"line":95,"column":34}},{"start":{"line":95,"column":34},"end":{"line":95,"column":null}}],"line":95},"2":{"loc":{"start":{"line":237,"column":53},"end":{"line":247,"column":null}},"type":"binary-expr","locations":[{"start":{"line":237,"column":53},"end":{"line":245,"column":null}},{"start":{"line":247,"column":57},"end":{"line":247,"column":null}}],"line":237},"3":{"loc":{"start":{"line":271,"column":24},"end":{"line":335,"column":null}},"type":"cond-expr","locations":[{"start":{"line":275,"column":28},"end":{"line":297,"column":34}},{"start":{"line":297,"column":28},"end":{"line":335,"column":null}}],"line":271}},"s":{"0":3,"1":3,"2":3,"3":3,"4":4,"5":3,"6":3,"7":4,"8":0,"9":3,"10":12,"11":4,"12":16,"13":0,"14":0},"f":{"0":3,"1":3,"2":4,"3":4,"4":0,"5":3,"6":12,"7":4,"8":16,"9":0,"10":0},"b":{"0":[3],"1":[4,2],"2":[12,12],"3":[1,2]},"meta":{"lastBranch":4,"lastFunction":11,"lastStatement":15,"seen":{"f:37:9:37:26":0,"b:39:11:39:Infinity":0,"s:49:8:49:Infinity":0,"s:57:8:57:Infinity":1,"s:59:20:103:Infinity":2,"f:59:20:59:Infinity":1,"s:61:14:99:Infinity":3,"f:93:16:93:23":2,"s:95:20:95:Infinity":4,"b:95:20:95:34:95:34:95:Infinity":1,"s:105:18:141:Infinity":5,"s:143:4:413:Infinity":6,"f:159:29:159:Infinity":3,"s:161:39:161:Infinity":7,"f:177:20:177:31":4,"s:179:24:183:Infinity":8,"f:199:48:199:Infinity":5,"s:203:32:257:Infinity":9,"f:207:60:207:Infinity":6,"s:211:48:249:Infinity":10,"b:237:53:245:Infinity:247:57:247:Infinity":2,"b:275:28:297:34:297:28:335:Infinity":3,"f:297:53:297:Infinity":7,"s:301:36:331:Infinity":11,"f:305:66:305:Infinity":8,"s:309:52:323:Infinity":12,"f:349:20:349:Infinity":9,"s:351:24:351:Infinity":13,"f:391:20:391:Infinity":10,"s:393:24:393:Infinity":14},"fnNames":{}}}
,"C:\\Users\\darsh\\job-tracker-saas\\job-tracker-frontend\\src\\components\\ui\\button.jsx": {"path":"C:\\Users\\darsh\\job-tracker-saas\\job-tracker-frontend\\src\\components\\ui\\button.jsx","statementMap":{"0":{"start":{"line":6,"column":23},"end":{"line":41,"column":null}},"1":{"start":{"line":49,"column":2},"end":{"line":53,"column":null}}},"fnMap":{"0":{"name":"Button","decl":{"start":{"line":43,"column":9},"end":{"line":43,"column":16}},"loc":{"start":{"line":48,"column":3},"end":{"line":55,"column":null}},"line":48}},"branchMap":{"0":{"loc":{"start":{"line":45,"column":2},"end":{"line":45,"column":null}},"type":"default-arg","locations":[{"start":{"line":45,"column":12},"end":{"line":45,"column":null}}],"line":45},"1":{"loc":{"start":{"line":46,"column":2},"end":{"line":46,"column":null}},"type":"default-arg","locations":[{"start":{"line":46,"column":9},"end":{"line":46,"column":null}}],"line":46}},"s":{"0":1,"1":56},"f":{"0":56},"b":{"0":[56],"1":[56]},"meta":{"lastBranch":2,"lastFunction":1,"lastStatement":2,"seen":{"s:6:23:41:Infinity":0,"f:43:9:43:16":0,"b:45:12:45:Infinity":0,"b:46:9:46:Infinity":1,"s:49:2:53:Infinity":1},"fnNames":{}}}
,"C:\\Users\\darsh\\job-tracker-saas\\job-tracker-frontend\\src\\components\\ui\\card.jsx": {"path":"C:\\Users\\darsh\\job-tracker-saas\\job-tracker-frontend\\src\\components\\ui\\card.jsx","statementMap":{"0":{"start":{"line":10,"column":2},"end":{"line":18,"column":null}},"1":{"start":{"line":26,"column":2},"end":{"line":33,"column":null}},"2":{"start":{"line":41,"column":2},"end":{"line":48,"column":null}},"3":{"start":{"line":56,"column":2},"end":{"line":60,"column":null}},"4":{"start":{"line":68,"column":2},"end":{"line":75,"column":null}},"5":{"start":{"line":83,"column":2},"end":{"line":87,"column":null}},"6":{"start":{"line":95,"column":2},"end":{"line":102,"column":null}}},"fnMap":{"0":{"name":"Card","decl":{"start":{"line":5,"column":9},"end":{"line":5,"column":14}},"loc":{"start":{"line":9,"column":3},"end":{"line":20,"column":null}},"line":9},"1":{"name":"CardHeader","decl":{"start":{"line":22,"column":9},"end":{"line":22,"column":20}},"loc":{"start":{"line":25,"column":3},"end":{"line":35,"column":null}},"line":25},"2":{"name":"CardTitle","decl":{"start":{"line":37,"column":9},"end":{"line":37,"column":19}},"loc":{"start":{"line":40,"column":3},"end":{"line":50,"column":null}},"line":40},"3":{"name":"CardDescription","decl":{"start":{"line":52,"column":9},"end":{"line":52,"column":25}},"loc":{"start":{"line":55,"column":3},"end":{"line":62,"column":null}},"line":55},"4":{"name":"CardAction","decl":{"start":{"line":64,"column":9},"end":{"line":64,"column":20}},"loc":{"start":{"line":67,"column":3},"end":{"line":77,"column":null}},"line":67},"5":{"name":"CardContent","decl":{"start":{"line":79,"column":9},"end":{"line":79,"column":21}},"loc":{"start":{"line":82,"column":3},"end":{"line":89,"column":null}},"line":82},"6":{"name":"CardFooter","decl":{"start":{"line":91,"column":9},"end":{"line":91,"column":20}},"loc":{"start":{"line":94,"column":3},"end":{"line":104,"column":null}},"line":94}},"branchMap":{"0":{"loc":{"start":{"line":7,"column":2},"end":{"line":7,"column":null}},"type":"default-arg","locations":[{"start":{"line":7,"column":9},"end":{"line":7,"column":null}}],"line":7}},"s":{"0":80,"1":80,"2":80,"3":56,"4":0,"5":80,"6":0},"f":{"0":80,"1":80,"2":80,"3":56,"4":0,"5":80,"6":0},"b":{"0":[80]},"meta":{"lastBranch":1,"lastFunction":7,"lastStatement":7,"seen":{"f:5:9:5:14":0,"b:7:9:7:Infinity":0,"s:10:2:18:Infinity":0,"f:22:9:22:20":1,"s:26:2:33:Infinity":1,"f:37:9:37:19":2,"s:41:2:48:Infinity":2,"f:52:9:52:25":3,"s:56:2:60:Infinity":3,"f:64:9:64:20":4,"s:68:2:75:Infinity":4,"f:79:9:79:21":5,"s:83:2:87:Infinity":5,"f:91:9:91:20":6,"s:95:2:102:Infinity":6},"fnNames":{}}}
,"C:\\Users\\darsh\\job-tracker-saas\\job-tracker-frontend\\src\\components\\ui\\input.jsx": {"path":"C:\\Users\\darsh\\job-tracker-saas\\job-tracker-frontend\\src\\components\\ui\\input.jsx","statementMap":{"0":{"start":{"line":11,"column":2},"end":{"line":19,"column":null}}},"fnMap":{"0":{"name":"Input","decl":{"start":{"line":6,"column":9},"end":{"line":6,"column":15}},"loc":{"start":{"line":10,"column":3},"end":{"line":21,"column":null}},"line":10}},"branchMap":{},"s":{"0":112},"f":{"0":112},"b":{},"meta":{"lastBranch":0,"lastFunction":1,"lastStatement":1,"seen":{"f:6:9:6:15":0,"s:11:2:19:Infinity":0},"fnNames":{}}}
,"C:\\Users\\darsh\\job-tracker-saas\\job-tracker-frontend\\src\\components\\ui\\select.jsx": {"path":"C:\\Users\\darsh\\job-tracker-saas\\job-tracker-frontend\\src\\components\\ui\\select.jsx","statementMap":{"0":{"start":{"line":7,"column":15},"end":{"line":7,"column":null}},"1":{"start":{"line":13,"column":2},"end":{"line":17,"column":null}},"2":{"start":{"line":25,"column":2},"end":{"line":29,"column":null}},"3":{"start":{"line":39,"column":2},"end":{"line":53,"column":null}},"4":{"start":{"line":67,"column":2},"end":{"line":89,"column":null}},"5":{"start":{"line":97,"column":2},"end":{"line":101,"column":null}},"6":{"start":{"line":110,"column":2},"end":{"line":128,"column":null}},"7":{"start":{"line":136,"column":2},"end":{"line":140,"column":null}},"8":{"start":{"line":148,"column":2},"end":{"line":157,"column":null}},"9":{"start":{"line":165,"column":2},"end":{"line":174,"column":null}}},"fnMap":{"0":{"name":"SelectGroup","decl":{"start":{"line":9,"column":9},"end":{"line":9,"column":21}},"loc":{"start":{"line":12,"column":3},"end":{"line":19,"column":null}},"line":12},"1":{"name":"SelectValue","decl":{"start":{"line":21,"column":9},"end":{"line":21,"column":21}},"loc":{"start":{"line":24,"column":3},"end":{"line":31,"column":null}},"line":24},"2":{"name":"SelectTrigger","decl":{"start":{"line":33,"column":9},"end":{"line":33,"column":23}},"loc":{"start":{"line":38,"column":3},"end":{"line":55,"column":null}},"line":38},"3":{"name":"SelectContent","decl":{"start":{"line":57,"column":9},"end":{"line":57,"column":23}},"loc":{"start":{"line":66,"column":3},"end":{"line":91,"column":null}},"line":66},"4":{"name":"SelectLabel","decl":{"start":{"line":93,"column":9},"end":{"line":93,"column":21}},"loc":{"start":{"line":96,"column":3},"end":{"line":103,"column":null}},"line":96},"5":{"name":"SelectItem","decl":{"start":{"line":105,"column":9},"end":{"line":105,"column":20}},"loc":{"start":{"line":109,"column":3},"end":{"line":130,"column":null}},"line":109},"6":{"name":"SelectSeparator","decl":{"start":{"line":132,"column":9},"end":{"line":132,"column":25}},"loc":{"start":{"line":135,"column":3},"end":{"line":142,"column":null}},"line":135},"7":{"name":"SelectScrollUpButton","decl":{"start":{"line":144,"column":9},"end":{"line":144,"column":30}},"loc":{"start":{"line":147,"column":3},"end":{"line":159,"column":null}},"line":147},"8":{"name":"SelectScrollDownButton","decl":{"start":{"line":161,"column":9},"end":{"line":161,"column":32}},"loc":{"start":{"line":164,"column":3},"end":{"line":176,"column":null}},"line":164}},"branchMap":{"0":{"loc":{"start":{"line":35,"column":2},"end":{"line":35,"column":null}},"type":"default-arg","locations":[{"start":{"line":35,"column":9},"end":{"line":35,"column":null}}],"line":35},"1":{"loc":{"start":{"line":60,"column":2},"end":{"line":60,"column":null}},"type":"default-arg","locations":[{"start":{"line":60,"column":9},"end":{"line":60,"column":null}}],"line":60},"2":{"loc":{"start":{"line":61,"column":2},"end":{"line":61,"column":null}},"type":"default-arg","locations":[{"start":{"line":61,"column":15},"end":{"line":61,"column":null}}],"line":61},"3":{"loc":{"start":{"line":62,"column":2},"end":{"line":62,"column":null}},"type":"default-arg","locations":[{"start":{"line":62,"column":10},"end":{"line":62,"column":null}}],"line":62},"4":{"loc":{"start":{"line":63,"column":2},"end":{"line":63,"column":null}},"type":"default-arg","locations":[{"start":{"line":63,"column":16},"end":{"line":63,"column":null}}],"line":63},"5":{"loc":{"start":{"line":64,"column":2},"end":{"line":64,"column":null}},"type":"default-arg","locations":[{"start":{"line":64,"column":25},"end":{"line":64,"column":null}}],"line":64}},"s":{"0":1,"1":0,"2":3,"3":3,"4":3,"5":0,"6":0,"7":0,"8":0,"9":0},"f":{"0":0,"1":3,"2":3,"3":3,"4":0,"5":0,"6":0,"7":0,"8":0},"b":{"0":[3],"1":[3],"2":[3],"3":[3],"4":[3],"5":[3]},"meta":{"lastBranch":6,"lastFunction":9,"lastStatement":10,"seen":{"s:7:15:7:Infinity":0,"f:9:9:9:21":0,"s:13:2:17:Infinity":1,"f:21:9:21:21":1,"s:25:2:29:Infinity":2,"f:33:9:33:23":2,"b:35:9:35:Infinity":0,"s:39:2:53:Infinity":3,"f:57:9:57:23":3,"b:60:9:60:Infinity":1,"b:61:15:61:Infinity":2,"b:62:10:62:Infinity":3,"b:63:16:63:Infinity":4,"b:64:25:64:Infinity":5,"s:67:2:89:Infinity":4,"f:93:9:93:21":4,"s:97:2:101:Infinity":5,"f:105:9:105:20":5,"s:110:2:128:Infinity":6,"f:132:9:132:25":6,"s:136:2:140:Infinity":7,"f:144:9:144:30":7,"s:148:2:157:Infinity":8,"f:161:9:161:32":8,"s:165:2:174:Infinity":9},"fnNames":{}}}
,"C:\\Users\\darsh\\job-tracker-saas\\job-tracker-frontend\\src\\components\\ui\\table.jsx": {"path":"C:\\Users\\darsh\\job-tracker-saas\\job-tracker-frontend\\src\\components\\ui\\table.jsx","statementMap":{"0":{"start":{"line":9,"column":2},"end":{"line":15,"column":null}},"1":{"start":{"line":23,"column":2},"end":{"line":27,"column":null}},"2":{"start":{"line":35,"column":2},"end":{"line":39,"column":null}},"3":{"start":{"line":47,"column":2},"end":{"line":51,"column":null}},"4":{"start":{"line":59,"column":2},"end":{"line":66,"column":null}},"5":{"start":{"line":74,"column":2},"end":{"line":81,"column":null}},"6":{"start":{"line":89,"column":2},"end":{"line":96,"column":null}},"7":{"start":{"line":104,"column":2},"end":{"line":108,"column":null}}},"fnMap":{"0":{"name":"Table","decl":{"start":{"line":5,"column":9},"end":{"line":5,"column":15}},"loc":{"start":{"line":8,"column":3},"end":{"line":17,"column":null}},"line":8},"1":{"name":"TableHeader","decl":{"start":{"line":19,"column":9},"end":{"line":19,"column":21}},"loc":{"start":{"line":22,"column":3},"end":{"line":29,"column":null}},"line":22},"2":{"name":"TableBody","decl":{"start":{"line":31,"column":9},"end":{"line":31,"column":19}},"loc":{"start":{"line":34,"column":3},"end":{"line":41,"column":null}},"line":34},"3":{"name":"TableFooter","decl":{"start":{"line":43,"column":9},"end":{"line":43,"column":21}},"loc":{"start":{"line":46,"column":3},"end":{"line":53,"column":null}},"line":46},"4":{"name":"TableRow","decl":{"start":{"line":55,"column":9},"end":{"line":55,"column":18}},"loc":{"start":{"line":58,"column":3},"end":{"line":68,"column":null}},"line":58},"5":{"name":"TableHead","decl":{"start":{"line":70,"column":9},"end":{"line":70,"column":19}},"loc":{"start":{"line":73,"column":3},"end":{"line":83,"column":null}},"line":73},"6":{"name":"TableCell","decl":{"start":{"line":85,"column":9},"end":{"line":85,"column":19}},"loc":{"start":{"line":88,"column":3},"end":{"line":98,"column":null}},"line":88},"7":{"name":"TableCaption","decl":{"start":{"line":100,"column":9},"end":{"line":100,"column":22}},"loc":{"start":{"line":103,"column":3},"end":{"line":110,"column":null}},"line":103}},"branchMap":{},"s":{"0":3,"1":3,"2":3,"3":0,"4":8,"5":12,"6":17,"7":0},"f":{"0":3,"1":3,"2":3,"3":0,"4":8,"5":12,"6":17,"7":0},"b":{},"meta":{"lastBranch":0,"lastFunction":8,"lastStatement":8,"seen":{"f:5:9:5:15":0,"s:9:2:15:Infinity":0,"f:19:9:19:21":1,"s:23:2:27:Infinity":1,"f:31:9:31:19":2,"s:35:2:39:Infinity":2,"f:43:9:43:21":3,"s:47:2:51:Infinity":3,"f:55:9:55:18":4,"s:59:2:66:Infinity":4,"f:70:9:70:19":5,"s:74:2:81:Infinity":5,"f:85:9:85:19":6,"s:89:2:96:Infinity":6,"f:100:9:100:22":7,"s:104:2:108:Infinity":7},"fnNames":{}}}
,"C:\\Users\\darsh\\job-tracker-saas\\job-tracker-frontend\\src\\lib\\utils.js": {"path":"C:\\Users\\darsh\\job-tracker-saas\\job-tracker-frontend\\src\\lib\\utils.js","statementMap":{"0":{"start":{"line":5,"column":2},"end":{"line":5,"column":null}}},"fnMap":{"0":{"name":"cn","decl":{"start":{"line":4,"column":16},"end":{"line":4,"column":19}},"loc":{"start":{"line":4,"column":30},"end":{"line":6,"column":null}},"line":4}},"branchMap":{},"s":{"0":599},"f":{"0":599},"b":{},"meta":{"lastBranch":0,"lastFunction":1,"lastStatement":1,"seen":{"f:4:16:4:19":0,"s:5:2:5:Infinity":0},"fnNames":{}}}
,"C:\\Users\\darsh\\job-tracker-saas\\job-tracker-frontend\\src\\pages\\Dashboard.jsx": {"path":"C:\\Users\\darsh\\job-tracker-saas\\job-tracker-frontend\\src\\pages\\Dashboard.jsx","statementMap":{"0":{"start":{"line":35,"column":25},"end":{"line":37,"column":null}},"1":{"start":{"line":36,"column":19},"end":{"line":36,"column":null}},"2":{"start":{"line":39,"column":20},"end":{"line":41,"column":null}},"3":{"start":{"line":40,"column":19},"end":{"line":40,"column":null}},"4":{"start":{"line":43,"column":18},"end":{"line":45,"column":null}},"5":{"start":{"line":44,"column":19},"end":{"line":44,"column":null}},"6":{"start":{"line":47,"column":19},"end":{"line":49,"column":null}},"7":{"start":{"line":48,"column":19},"end":{"line":48,"column":null}},"8":{"start":{"line":51,"column":30},"end":{"line":53,"column":null}},"9":{"start":{"line":52,"column":19},"end":{"line":52,"column":null}},"10":{"start":{"line":55,"column":22},"end":{"line":57,"column":null}},"11":{"start":{"line":56,"column":19},"end":{"line":56,"column":null}},"12":{"start":{"line":59,"column":4},"end":{"line":63,"column":null}},"13":{"start":{"line":61,"column":8},"end":{"line":61,"column":null}},"14":{"start":{"line":65,"column":31},"end":{"line":71,"column":null}},"15":{"start":{"line":67,"column":12},"end":{"line":67,"column":null}},"16":{"start":{"line":73,"column":33},"end":{"line":82,"column":null}},"17":{"start":{"line":76,"column":8},"end":{"line":80,"column":null}},"18":{"start":{"line":79,"column":27},"end":{"line":79,"column":null}},"19":{"start":{"line":95,"column":8},"end":{"line":115,"column":null}},"20":{"start":{"line":95,"column":23},"end":{"line":115,"column":8}},"21":{"start":{"line":100,"column":19},"end":{"line":100,"column":null}},"22":{"start":{"line":104,"column":19},"end":{"line":104,"column":null}},"23":{"start":{"line":108,"column":19},"end":{"line":108,"column":null}},"24":{"start":{"line":112,"column":19},"end":{"line":112,"column":null}},"25":{"start":{"line":117,"column":4},"end":{"line":129,"column":null}},"26":{"start":{"line":119,"column":8},"end":{"line":125,"column":null}},"27":{"start":{"line":131,"column":4},"end":{"line":147,"column":null}},"28":{"start":{"line":133,"column":8},"end":{"line":143,"column":null}},"29":{"start":{"line":149,"column":4},"end":{"line":458,"column":null}}},"fnMap":{"0":{"name":"Dashboard","decl":{"start":{"line":33,"column":9},"end":{"line":33,"column":21}},"loc":{"start":{"line":33,"column":21},"end":{"line":462,"column":null}},"line":33},"1":{"name":"(anonymous_1)","decl":{"start":{"line":35,"column":25},"end":{"line":35,"column":null}},"loc":{"start":{"line":36,"column":19},"end":{"line":36,"column":null}},"line":36},"2":{"name":"(anonymous_2)","decl":{"start":{"line":39,"column":20},"end":{"line":39,"column":null}},"loc":{"start":{"line":40,"column":19},"end":{"line":40,"column":null}},"line":40},"3":{"name":"(anonymous_3)","decl":{"start":{"line":43,"column":18},"end":{"line":43,"column":null}},"loc":{"start":{"line":44,"column":19},"end":{"line":44,"column":null}},"line":44},"4":{"name":"(anonymous_4)","decl":{"start":{"line":47,"column":19},"end":{"line":47,"column":null}},"loc":{"start":{"line":48,"column":19},"end":{"line":48,"column":null}},"line":48},"5":{"name":"(anonymous_5)","decl":{"start":{"line":51,"column":30},"end":{"line":51,"column":null}},"loc":{"start":{"line":52,"column":19},"end":{"line":52,"column":null}},"line":52},"6":{"name":"(anonymous_6)","decl":{"start":{"line":55,"column":22},"end":{"line":55,"column":null}},"loc":{"start":{"line":56,"column":19},"end":{"line":56,"column":null}},"line":56},"7":{"name":"(anonymous_7)","decl":{"start":{"line":59,"column":4},"end":{"line":59,"column":20}},"loc":{"start":{"line":59,"column":20},"end":{"line":63,"column":7}},"line":59},"8":{"name":"(anonymous_8)","decl":{"start":{"line":65,"column":31},"end":{"line":65,"column":null}},"loc":{"start":{"line":66,"column":19},"end":{"line":68,"column":null}},"line":66},"9":{"name":"(anonymous_9)","decl":{"start":{"line":73,"column":33},"end":{"line":73,"column":47}},"loc":{"start":{"line":73,"column":47},"end":{"line":82,"column":7}},"line":73},"10":{"name":"(anonymous_10)","decl":{"start":{"line":78,"column":27},"end":{"line":78,"column":null}},"loc":{"start":{"line":79,"column":27},"end":{"line":79,"column":null}},"line":79},"11":{"name":"(anonymous_11)","decl":{"start":{"line":95,"column":8},"end":{"line":95,"column":23}},"loc":{"start":{"line":95,"column":23},"end":{"line":115,"column":8}},"line":95},"12":{"name":"(anonymous_12)","decl":{"start":{"line":99,"column":30},"end":{"line":99,"column":null}},"loc":{"start":{"line":100,"column":19},"end":{"line":100,"column":null}},"line":100},"13":{"name":"(anonymous_13)","decl":{"start":{"line":103,"column":32},"end":{"line":103,"column":null}},"loc":{"start":{"line":104,"column":19},"end":{"line":104,"column":null}},"line":104},"14":{"name":"(anonymous_14)","decl":{"start":{"line":107,"column":28},"end":{"line":107,"column":null}},"loc":{"start":{"line":108,"column":19},"end":{"line":108,"column":null}},"line":108},"15":{"name":"(anonymous_15)","decl":{"start":{"line":111,"column":31},"end":{"line":111,"column":null}},"loc":{"start":{"line":112,"column":19},"end":{"line":112,"column":null}},"line":112}},"branchMap":{"0":{"loc":{"start":{"line":76,"column":15},"end":{"line":80,"column":null}},"type":"cond-expr","locations":[{"start":{"line":77,"column":14},"end":{"line":77,"column":null}},{"start":{"line":78,"column":14},"end":{"line":80,"column":null}}],"line":76},"1":{"loc":{"start":{"line":117,"column":4},"end":{"line":129,"column":null}},"type":"if","locations":[{"start":{"line":117,"column":4},"end":{"line":129,"column":null}},{"start":{},"end":{}}],"line":117},"2":{"loc":{"start":{"line":131,"column":4},"end":{"line":147,"column":null}},"type":"if","locations":[{"start":{"line":131,"column":4},"end":{"line":147,"column":null}},{"start":{},"end":{}}],"line":131},"3":{"loc":{"start":{"line":428,"column":4},"end":{"line":448,"column":null}},"type":"cond-expr","locations":[{"start":{"line":430,"column":8},"end":{"line":437,"column":9}},{"start":{"line":437,"column":8},"end":{"line":448,"column":null}}],"line":428}},"s":{"0":3,"1":3,"2":3,"3":3,"4":3,"5":3,"6":3,"7":3,"8":3,"9":3,"10":3,"11":3,"12":3,"13":3,"14":3,"15":0,"16":3,"17":3,"18":0,"19":3,"20":3,"21":6,"22":6,"23":6,"24":6,"25":3,"26":0,"27":3,"28":0,"29":3},"f":{"0":3,"1":3,"2":3,"3":3,"4":3,"5":3,"6":3,"7":3,"8":0,"9":3,"10":0,"11":3,"12":6,"13":6,"14":6,"15":6},"b":{"0":[3,0],"1":[0,3],"2":[0,3],"3":[0,3]},"meta":{"lastBranch":4,"lastFunction":16,"lastStatement":30,"seen":{"f:33:9:33:21":0,"s:35:25:37:Infinity":0,"f:35:25:35:Infinity":1,"s:36:19:36:Infinity":1,"s:39:20:41:Infinity":2,"f:39:20:39:Infinity":2,"s:40:19:40:Infinity":3,"s:43:18:45:Infinity":4,"f:43:18:43:Infinity":3,"s:44:19:44:Infinity":5,"s:47:19:49:Infinity":6,"f:47:19:47:Infinity":4,"s:48:19:48:Infinity":7,"s:51:30:53:Infinity":8,"f:51:30:51:Infinity":5,"s:52:19:52:Infinity":9,"s:55:22:57:Infinity":10,"f:55:22:55:Infinity":6,"s:56:19:56:Infinity":11,"s:59:4:63:Infinity":12,"f:59:4:59:20":7,"s:61:8:61:Infinity":13,"s:65:31:71:Infinity":14,"f:65:31:65:Infinity":8,"s:67:12:67:Infinity":15,"s:73:33:82:Infinity":16,"f:73:33:73:47":9,"s:76:8:80:Infinity":17,"b:77:14:77:Infinity:78:14:80:Infinity":0,"f:78:27:78:Infinity":10,"s:79:27:79:Infinity":18,"s:95:8:115:Infinity":19,"f:95:8:95:23":11,"s:95:23:115:8":20,"f:99:30:99:Infinity":12,"s:100:19:100:Infinity":21,"f:103:32:103:Infinity":13,"s:104:19:104:Infinity":22,"f:107:28:107:Infinity":14,"s:108:19:108:Infinity":23,"f:111:31:111:Infinity":15,"s:112:19:112:Infinity":24,"b:117:4:129:Infinity:undefined:undefined:undefined:undefined":1,"s:117:4:129:Infinity":25,"s:119:8:125:Infinity":26,"b:131:4:147:Infinity:undefined:undefined:undefined:undefined":2,"s:131:4:147:Infinity":27,"s:133:8:143:Infinity":28,"s:149:4:458:Infinity":29,"b:430:8:437:9:437:8:448:Infinity":3},"fnNames":{}}}
,"C:\\Users\\darsh\\job-tracker-saas\\job-tracker-frontend\\src\\pages\\Login.jsx": {"path":"C:\\Users\\darsh\\job-tracker-saas\\job-tracker-frontend\\src\\pages\\Login.jsx","statementMap":{"0":{"start":{"line":25,"column":22},"end":{"line":25,"column":30}},"1":{"start":{"line":33,"column":8},"end":{"line":33,"column":null}},"2":{"start":{"line":41,"column":8},"end":{"line":41,"column":null}},"3":{"start":{"line":49,"column":8},"end":{"line":49,"column":null}},"4":{"start":{"line":51,"column":25},"end":{"line":81,"column":null}},"5":{"start":{"line":53,"column":8},"end":{"line":53,"column":null}},"6":{"start":{"line":55,"column":8},"end":{"line":55,"column":null}},"7":{"start":{"line":57,"column":8},"end":{"line":79,"column":null}},"8":{"start":{"line":59,"column":12},"end":{"line":65,"column":null}},"9":{"start":{"line":71,"column":12},"end":{"line":77,"column":null}},"10":{"start":{"line":83,"column":4},"end":{"line":215,"column":null}},"11":{"start":{"line":133,"column":36},"end":{"line":137,"column":null}},"12":{"start":{"line":165,"column":36},"end":{"line":169,"column":null}}},"fnMap":{"0":{"name":"Login","decl":{"start":{"line":23,"column":9},"end":{"line":23,"column":17}},"loc":{"start":{"line":23,"column":17},"end":{"line":219,"column":null}},"line":23},"1":{"name":"(anonymous_1)","decl":{"start":{"line":51,"column":25},"end":{"line":51,"column":32}},"loc":{"start":{"line":51,"column":38},"end":{"line":81,"column":null}},"line":51},"2":{"name":"(anonymous_2)","decl":{"start":{"line":131,"column":32},"end":{"line":131,"column":43}},"loc":{"start":{"line":133,"column":36},"end":{"line":137,"column":null}},"line":133},"3":{"name":"(anonymous_3)","decl":{"start":{"line":163,"column":32},"end":{"line":163,"column":43}},"loc":{"start":{"line":165,"column":36},"end":{"line":169,"column":null}},"line":165}},"branchMap":{"0":{"loc":{"start":{"line":73,"column":16},"end":{"line":75,"column":null}},"type":"binary-expr","locations":[{"start":{"line":73,"column":16},"end":{"line":73,"column":null}},{"start":{"line":75,"column":16},"end":{"line":75,"column":null}}],"line":73},"1":{"loc":{"start":{"line":181,"column":28},"end":{"line":191,"column":null}},"type":"binary-expr","locations":[{"start":{"line":181,"column":28},"end":{"line":181,"column":null}},{"start":{"line":183,"column":32},"end":{"line":191,"column":null}}],"line":181}},"s":{"0":58,"1":58,"2":58,"3":58,"4":58,"5":2,"6":2,"7":2,"8":2,"9":1,"10":58,"11":28,"12":24},"f":{"0":58,"1":2,"2":28,"3":24},"b":{"0":[1,0],"1":[58,1]},"meta":{"lastBranch":2,"lastFunction":4,"lastStatement":13,"seen":{"f:23:9:23:17":0,"s:25:22:25:30":0,"s:33:8:33:Infinity":1,"s:41:8:41:Infinity":2,"s:49:8:49:Infinity":3,"s:51:25:81:Infinity":4,"f:51:25:51:32":1,"s:53:8:53:Infinity":5,"s:55:8:55:Infinity":6,"s:57:8:79:Infinity":7,"s:59:12:65:Infinity":8,"s:71:12:77:Infinity":9,"b:73:16:73:Infinity:75:16:75:Infinity":0,"s:83:4:215:Infinity":10,"f:131:32:131:43":2,"s:133:36:137:Infinity":11,"f:163:32:163:43":3,"s:165:36:169:Infinity":12,"b:181:28:181:Infinity:183:32:191:Infinity":1},"fnNames":{}}}
}
